<?xml version="1.0" encoding="UTF-8"?>
<testsuite xmlns:xsi="http://www.w3.org/2001/XMLSchema-instance" xsi:noNamespaceSchemaLocation="https://maven.apache.org/surefire/maven-surefire-plugin/xsd/surefire-test-report-3.0.xsd" version="3.0" name="com.lonton.binarytree.TreeApplicationTest" time="5.554" tests="11" errors="0" skipped="0" failures="0">
  <properties>
    <property name="sun.desktop" value="windows"/>
    <property name="awt.toolkit" value="sun.awt.windows.WToolkit"/>
    <property name="file.encoding.pkg" value="sun.io"/>
    <property name="java.specification.version" value="1.8"/>
    <property name="sun.cpu.isalist" value="amd64"/>
    <property name="sun.jnu.encoding" value="GBK"/>
    <property name="java.class.path" value="C:\Users\zhanglihong2333\IdeaProjects\data-structure\target\test-classes;C:\Users\zhanglihong2333\IdeaProjects\data-structure\target\classes;C:\Users\zhanglihong2333\.m2\repository\org\slf4j\slf4j-reload4j\2.0.4\slf4j-reload4j-2.0.4.jar;C:\Users\zhanglihong2333\.m2\repository\org\slf4j\slf4j-api\1.7.32\slf4j-api-1.7.32.jar;C:\Users\zhanglihong2333\.m2\repository\ch\qos\reload4j\reload4j\1.2.22\reload4j-1.2.22.jar;C:\Users\zhanglihong2333\.m2\repository\org\projectlombok\lombok\1.18.20\lombok-1.18.20.jar;C:\Users\zhanglihong2333\.m2\repository\mysql\mysql-connector-java\8.0.19\mysql-connector-java-8.0.19.jar;C:\Users\zhanglihong2333\.m2\repository\com\alibaba\druid-spring-boot-starter\1.2.3\druid-spring-boot-starter-1.2.3.jar;C:\Users\zhanglihong2333\.m2\repository\com\alibaba\druid\1.2.3\druid-1.2.3.jar;C:\Users\zhanglihong2333\.m2\repository\org\springframework\boot\spring-boot-autoconfigure\2.6.1\spring-boot-autoconfigure-2.6.1.jar;C:\Users\zhanglihong2333\.m2\repository\org\mybatis\mybatis\3.5.0\mybatis-3.5.0.jar;C:\Users\zhanglihong2333\.m2\repository\commons-dbutils\commons-dbutils\1.7\commons-dbutils-1.7.jar;C:\Users\zhanglihong2333\.m2\repository\org\springframework\boot\spring-boot-starter\2.6.1\spring-boot-starter-2.6.1.jar;C:\Users\zhanglihong2333\.m2\repository\org\springframework\boot\spring-boot\2.6.1\spring-boot-2.6.1.jar;C:\Users\zhanglihong2333\.m2\repository\org\springframework\spring-context\5.3.13\spring-context-5.3.13.jar;C:\Users\zhanglihong2333\.m2\repository\org\springframework\boot\spring-boot-starter-logging\2.6.1\spring-boot-starter-logging-2.6.1.jar;C:\Users\zhanglihong2333\.m2\repository\ch\qos\logback\logback-classic\1.2.7\logback-classic-1.2.7.jar;C:\Users\zhanglihong2333\.m2\repository\ch\qos\logback\logback-core\1.2.7\logback-core-1.2.7.jar;C:\Users\zhanglihong2333\.m2\repository\org\apache\logging\log4j\log4j-to-slf4j\2.14.1\log4j-to-slf4j-2.14.1.jar;C:\Users\zhanglihong2333\.m2\repository\org\apache\logging\log4j\log4j-api\2.14.1\log4j-api-2.14.1.jar;C:\Users\zhanglihong2333\.m2\repository\org\slf4j\jul-to-slf4j\1.7.32\jul-to-slf4j-1.7.32.jar;C:\Users\zhanglihong2333\.m2\repository\jakarta\annotation\jakarta.annotation-api\1.3.5\jakarta.annotation-api-1.3.5.jar;C:\Users\zhanglihong2333\.m2\repository\org\springframework\spring-core\5.3.13\spring-core-5.3.13.jar;C:\Users\zhanglihong2333\.m2\repository\org\springframework\spring-jcl\5.3.13\spring-jcl-5.3.13.jar;C:\Users\zhanglihong2333\.m2\repository\org\yaml\snakeyaml\1.29\snakeyaml-1.29.jar;C:\Users\zhanglihong2333\.m2\repository\org\springframework\boot\spring-boot-starter-web\2.6.1\spring-boot-starter-web-2.6.1.jar;C:\Users\zhanglihong2333\.m2\repository\org\springframework\boot\spring-boot-starter-json\2.6.1\spring-boot-starter-json-2.6.1.jar;C:\Users\zhanglihong2333\.m2\repository\com\fasterxml\jackson\core\jackson-databind\2.13.0\jackson-databind-2.13.0.jar;C:\Users\zhanglihong2333\.m2\repository\com\fasterxml\jackson\core\jackson-annotations\2.13.0\jackson-annotations-2.13.0.jar;C:\Users\zhanglihong2333\.m2\repository\com\fasterxml\jackson\core\jackson-core\2.13.0\jackson-core-2.13.0.jar;C:\Users\zhanglihong2333\.m2\repository\com\fasterxml\jackson\datatype\jackson-datatype-jdk8\2.13.0\jackson-datatype-jdk8-2.13.0.jar;C:\Users\zhanglihong2333\.m2\repository\com\fasterxml\jackson\datatype\jackson-datatype-jsr310\2.13.0\jackson-datatype-jsr310-2.13.0.jar;C:\Users\zhanglihong2333\.m2\repository\com\fasterxml\jackson\module\jackson-module-parameter-names\2.13.0\jackson-module-parameter-names-2.13.0.jar;C:\Users\zhanglihong2333\.m2\repository\org\springframework\boot\spring-boot-starter-tomcat\2.6.1\spring-boot-starter-tomcat-2.6.1.jar;C:\Users\zhanglihong2333\.m2\repository\org\apache\tomcat\embed\tomcat-embed-core\9.0.55\tomcat-embed-core-9.0.55.jar;C:\Users\zhanglihong2333\.m2\repository\org\apache\tomcat\embed\tomcat-embed-el\9.0.55\tomcat-embed-el-9.0.55.jar;C:\Users\zhanglihong2333\.m2\repository\org\apache\tomcat\embed\tomcat-embed-websocket\9.0.55\tomcat-embed-websocket-9.0.55.jar;C:\Users\zhanglihong2333\.m2\repository\org\springframework\spring-web\5.3.13\spring-web-5.3.13.jar;C:\Users\zhanglihong2333\.m2\repository\org\springframework\spring-beans\5.3.13\spring-beans-5.3.13.jar;C:\Users\zhanglihong2333\.m2\repository\org\springframework\spring-webmvc\5.3.13\spring-webmvc-5.3.13.jar;C:\Users\zhanglihong2333\.m2\repository\org\springframework\spring-aop\5.3.13\spring-aop-5.3.13.jar;C:\Users\zhanglihong2333\.m2\repository\org\springframework\spring-expression\5.3.13\spring-expression-5.3.13.jar;C:\Users\zhanglihong2333\.m2\repository\org\mybatis\spring\boot\mybatis-spring-boot-starter\2.1.0\mybatis-spring-boot-starter-2.1.0.jar;C:\Users\zhanglihong2333\.m2\repository\org\springframework\boot\spring-boot-starter-jdbc\2.6.1\spring-boot-starter-jdbc-2.6.1.jar;C:\Users\zhanglihong2333\.m2\repository\com\zaxxer\HikariCP\4.0.3\HikariCP-4.0.3.jar;C:\Users\zhanglihong2333\.m2\repository\org\springframework\spring-jdbc\5.3.13\spring-jdbc-5.3.13.jar;C:\Users\zhanglihong2333\.m2\repository\org\springframework\spring-tx\5.3.13\spring-tx-5.3.13.jar;C:\Users\zhanglihong2333\.m2\repository\org\mybatis\spring\boot\mybatis-spring-boot-autoconfigure\2.1.0\mybatis-spring-boot-autoconfigure-2.1.0.jar;C:\Users\zhanglihong2333\.m2\repository\org\mybatis\mybatis-spring\2.0.2\mybatis-spring-2.0.2.jar;C:\Users\zhanglihong2333\.m2\repository\org\springframework\boot\spring-boot-starter-test\2.6.1\spring-boot-starter-test-2.6.1.jar;C:\Users\zhanglihong2333\.m2\repository\org\springframework\boot\spring-boot-test\2.6.1\spring-boot-test-2.6.1.jar;C:\Users\zhanglihong2333\.m2\repository\org\springframework\boot\spring-boot-test-autoconfigure\2.6.1\spring-boot-test-autoconfigure-2.6.1.jar;C:\Users\zhanglihong2333\.m2\repository\com\jayway\jsonpath\json-path\2.6.0\json-path-2.6.0.jar;C:\Users\zhanglihong2333\.m2\repository\net\minidev\json-smart\2.4.7\json-smart-2.4.7.jar;C:\Users\zhanglihong2333\.m2\repository\net\minidev\accessors-smart\2.4.7\accessors-smart-2.4.7.jar;C:\Users\zhanglihong2333\.m2\repository\org\ow2\asm\asm\9.1\asm-9.1.jar;C:\Users\zhanglihong2333\.m2\repository\jakarta\xml\bind\jakarta.xml.bind-api\2.3.3\jakarta.xml.bind-api-2.3.3.jar;C:\Users\zhanglihong2333\.m2\repository\jakarta\activation\jakarta.activation-api\1.2.2\jakarta.activation-api-1.2.2.jar;C:\Users\zhanglihong2333\.m2\repository\org\assertj\assertj-core\3.21.0\assertj-core-3.21.0.jar;C:\Users\zhanglihong2333\.m2\repository\org\hamcrest\hamcrest\2.2\hamcrest-2.2.jar;C:\Users\zhanglihong2333\.m2\repository\org\mockito\mockito-core\4.0.0\mockito-core-4.0.0.jar;C:\Users\zhanglihong2333\.m2\repository\net\bytebuddy\byte-buddy\1.11.22\byte-buddy-1.11.22.jar;C:\Users\zhanglihong2333\.m2\repository\net\bytebuddy\byte-buddy-agent\1.11.22\byte-buddy-agent-1.11.22.jar;C:\Users\zhanglihong2333\.m2\repository\org\objenesis\objenesis\3.2\objenesis-3.2.jar;C:\Users\zhanglihong2333\.m2\repository\org\mockito\mockito-junit-jupiter\4.0.0\mockito-junit-jupiter-4.0.0.jar;C:\Users\zhanglihong2333\.m2\repository\org\skyscreamer\jsonassert\1.5.0\jsonassert-1.5.0.jar;C:\Users\zhanglihong2333\.m2\repository\com\vaadin\external\google\android-json\0.0.20131108.vaadin1\android-json-0.0.20131108.vaadin1.jar;C:\Users\zhanglihong2333\.m2\repository\org\springframework\spring-test\5.3.13\spring-test-5.3.13.jar;C:\Users\zhanglihong2333\.m2\repository\org\xmlunit\xmlunit-core\2.8.3\xmlunit-core-2.8.3.jar;C:\Users\zhanglihong2333\.m2\repository\org\junit\jupiter\junit-jupiter\5.6.3\junit-jupiter-5.6.3.jar;C:\Users\zhanglihong2333\.m2\repository\org\junit\jupiter\junit-jupiter-api\5.8.1\junit-jupiter-api-5.8.1.jar;C:\Users\zhanglihong2333\.m2\repository\org\opentest4j\opentest4j\1.2.0\opentest4j-1.2.0.jar;C:\Users\zhanglihong2333\.m2\repository\org\junit\platform\junit-platform-commons\1.8.1\junit-platform-commons-1.8.1.jar;C:\Users\zhanglihong2333\.m2\repository\org\apiguardian\apiguardian-api\1.1.2\apiguardian-api-1.1.2.jar;C:\Users\zhanglihong2333\.m2\repository\org\junit\jupiter\junit-jupiter-params\5.8.1\junit-jupiter-params-5.8.1.jar;C:\Users\zhanglihong2333\.m2\repository\org\junit\jupiter\junit-jupiter-engine\5.8.1\junit-jupiter-engine-5.8.1.jar;C:\Users\zhanglihong2333\.m2\repository\org\junit\platform\junit-platform-engine\1.8.1\junit-platform-engine-1.8.1.jar;"/>
    <property name="java.vm.vendor" value="Oracle Corporation"/>
    <property name="sun.arch.data.model" value="64"/>
    <property name="user.variant" value=""/>
    <property name="java.vendor.url" value="http://java.oracle.com/"/>
    <property name="user.timezone" value="Asia/Shanghai"/>
    <property name="java.vm.specification.version" value="1.8"/>
    <property name="os.name" value="Windows 8.1"/>
    <property name="user.country" value="CN"/>
    <property name="sun.java.launcher" value="SUN_STANDARD"/>
    <property name="sun.boot.library.path" value="C:\Program Files\Java\jdk1.8.0_45\jre\bin"/>
    <property name="sun.java.command" value="C:\Users\zhanglihong2333\AppData\Local\Temp\surefire6557555672513909860\surefirebooter8018725474951665553.jar C:\Users\zhanglihong2333\AppData\Local\Temp\surefire6557555672513909860 2023-04-13T11-27-06_783-jvmRun1 surefire4346846942593860578tmp surefire_03170805262024905660tmp"/>
    <property name="surefire.test.class.path" value="C:\Users\zhanglihong2333\IdeaProjects\data-structure\target\test-classes;C:\Users\zhanglihong2333\IdeaProjects\data-structure\target\classes;C:\Users\zhanglihong2333\.m2\repository\org\slf4j\slf4j-reload4j\2.0.4\slf4j-reload4j-2.0.4.jar;C:\Users\zhanglihong2333\.m2\repository\org\slf4j\slf4j-api\1.7.32\slf4j-api-1.7.32.jar;C:\Users\zhanglihong2333\.m2\repository\ch\qos\reload4j\reload4j\1.2.22\reload4j-1.2.22.jar;C:\Users\zhanglihong2333\.m2\repository\org\projectlombok\lombok\1.18.20\lombok-1.18.20.jar;C:\Users\zhanglihong2333\.m2\repository\mysql\mysql-connector-java\8.0.19\mysql-connector-java-8.0.19.jar;C:\Users\zhanglihong2333\.m2\repository\com\alibaba\druid-spring-boot-starter\1.2.3\druid-spring-boot-starter-1.2.3.jar;C:\Users\zhanglihong2333\.m2\repository\com\alibaba\druid\1.2.3\druid-1.2.3.jar;C:\Users\zhanglihong2333\.m2\repository\org\springframework\boot\spring-boot-autoconfigure\2.6.1\spring-boot-autoconfigure-2.6.1.jar;C:\Users\zhanglihong2333\.m2\repository\org\mybatis\mybatis\3.5.0\mybatis-3.5.0.jar;C:\Users\zhanglihong2333\.m2\repository\commons-dbutils\commons-dbutils\1.7\commons-dbutils-1.7.jar;C:\Users\zhanglihong2333\.m2\repository\org\springframework\boot\spring-boot-starter\2.6.1\spring-boot-starter-2.6.1.jar;C:\Users\zhanglihong2333\.m2\repository\org\springframework\boot\spring-boot\2.6.1\spring-boot-2.6.1.jar;C:\Users\zhanglihong2333\.m2\repository\org\springframework\spring-context\5.3.13\spring-context-5.3.13.jar;C:\Users\zhanglihong2333\.m2\repository\org\springframework\boot\spring-boot-starter-logging\2.6.1\spring-boot-starter-logging-2.6.1.jar;C:\Users\zhanglihong2333\.m2\repository\ch\qos\logback\logback-classic\1.2.7\logback-classic-1.2.7.jar;C:\Users\zhanglihong2333\.m2\repository\ch\qos\logback\logback-core\1.2.7\logback-core-1.2.7.jar;C:\Users\zhanglihong2333\.m2\repository\org\apache\logging\log4j\log4j-to-slf4j\2.14.1\log4j-to-slf4j-2.14.1.jar;C:\Users\zhanglihong2333\.m2\repository\org\apache\logging\log4j\log4j-api\2.14.1\log4j-api-2.14.1.jar;C:\Users\zhanglihong2333\.m2\repository\org\slf4j\jul-to-slf4j\1.7.32\jul-to-slf4j-1.7.32.jar;C:\Users\zhanglihong2333\.m2\repository\jakarta\annotation\jakarta.annotation-api\1.3.5\jakarta.annotation-api-1.3.5.jar;C:\Users\zhanglihong2333\.m2\repository\org\springframework\spring-core\5.3.13\spring-core-5.3.13.jar;C:\Users\zhanglihong2333\.m2\repository\org\springframework\spring-jcl\5.3.13\spring-jcl-5.3.13.jar;C:\Users\zhanglihong2333\.m2\repository\org\yaml\snakeyaml\1.29\snakeyaml-1.29.jar;C:\Users\zhanglihong2333\.m2\repository\org\springframework\boot\spring-boot-starter-web\2.6.1\spring-boot-starter-web-2.6.1.jar;C:\Users\zhanglihong2333\.m2\repository\org\springframework\boot\spring-boot-starter-json\2.6.1\spring-boot-starter-json-2.6.1.jar;C:\Users\zhanglihong2333\.m2\repository\com\fasterxml\jackson\core\jackson-databind\2.13.0\jackson-databind-2.13.0.jar;C:\Users\zhanglihong2333\.m2\repository\com\fasterxml\jackson\core\jackson-annotations\2.13.0\jackson-annotations-2.13.0.jar;C:\Users\zhanglihong2333\.m2\repository\com\fasterxml\jackson\core\jackson-core\2.13.0\jackson-core-2.13.0.jar;C:\Users\zhanglihong2333\.m2\repository\com\fasterxml\jackson\datatype\jackson-datatype-jdk8\2.13.0\jackson-datatype-jdk8-2.13.0.jar;C:\Users\zhanglihong2333\.m2\repository\com\fasterxml\jackson\datatype\jackson-datatype-jsr310\2.13.0\jackson-datatype-jsr310-2.13.0.jar;C:\Users\zhanglihong2333\.m2\repository\com\fasterxml\jackson\module\jackson-module-parameter-names\2.13.0\jackson-module-parameter-names-2.13.0.jar;C:\Users\zhanglihong2333\.m2\repository\org\springframework\boot\spring-boot-starter-tomcat\2.6.1\spring-boot-starter-tomcat-2.6.1.jar;C:\Users\zhanglihong2333\.m2\repository\org\apache\tomcat\embed\tomcat-embed-core\9.0.55\tomcat-embed-core-9.0.55.jar;C:\Users\zhanglihong2333\.m2\repository\org\apache\tomcat\embed\tomcat-embed-el\9.0.55\tomcat-embed-el-9.0.55.jar;C:\Users\zhanglihong2333\.m2\repository\org\apache\tomcat\embed\tomcat-embed-websocket\9.0.55\tomcat-embed-websocket-9.0.55.jar;C:\Users\zhanglihong2333\.m2\repository\org\springframework\spring-web\5.3.13\spring-web-5.3.13.jar;C:\Users\zhanglihong2333\.m2\repository\org\springframework\spring-beans\5.3.13\spring-beans-5.3.13.jar;C:\Users\zhanglihong2333\.m2\repository\org\springframework\spring-webmvc\5.3.13\spring-webmvc-5.3.13.jar;C:\Users\zhanglihong2333\.m2\repository\org\springframework\spring-aop\5.3.13\spring-aop-5.3.13.jar;C:\Users\zhanglihong2333\.m2\repository\org\springframework\spring-expression\5.3.13\spring-expression-5.3.13.jar;C:\Users\zhanglihong2333\.m2\repository\org\mybatis\spring\boot\mybatis-spring-boot-starter\2.1.0\mybatis-spring-boot-starter-2.1.0.jar;C:\Users\zhanglihong2333\.m2\repository\org\springframework\boot\spring-boot-starter-jdbc\2.6.1\spring-boot-starter-jdbc-2.6.1.jar;C:\Users\zhanglihong2333\.m2\repository\com\zaxxer\HikariCP\4.0.3\HikariCP-4.0.3.jar;C:\Users\zhanglihong2333\.m2\repository\org\springframework\spring-jdbc\5.3.13\spring-jdbc-5.3.13.jar;C:\Users\zhanglihong2333\.m2\repository\org\springframework\spring-tx\5.3.13\spring-tx-5.3.13.jar;C:\Users\zhanglihong2333\.m2\repository\org\mybatis\spring\boot\mybatis-spring-boot-autoconfigure\2.1.0\mybatis-spring-boot-autoconfigure-2.1.0.jar;C:\Users\zhanglihong2333\.m2\repository\org\mybatis\mybatis-spring\2.0.2\mybatis-spring-2.0.2.jar;C:\Users\zhanglihong2333\.m2\repository\org\springframework\boot\spring-boot-starter-test\2.6.1\spring-boot-starter-test-2.6.1.jar;C:\Users\zhanglihong2333\.m2\repository\org\springframework\boot\spring-boot-test\2.6.1\spring-boot-test-2.6.1.jar;C:\Users\zhanglihong2333\.m2\repository\org\springframework\boot\spring-boot-test-autoconfigure\2.6.1\spring-boot-test-autoconfigure-2.6.1.jar;C:\Users\zhanglihong2333\.m2\repository\com\jayway\jsonpath\json-path\2.6.0\json-path-2.6.0.jar;C:\Users\zhanglihong2333\.m2\repository\net\minidev\json-smart\2.4.7\json-smart-2.4.7.jar;C:\Users\zhanglihong2333\.m2\repository\net\minidev\accessors-smart\2.4.7\accessors-smart-2.4.7.jar;C:\Users\zhanglihong2333\.m2\repository\org\ow2\asm\asm\9.1\asm-9.1.jar;C:\Users\zhanglihong2333\.m2\repository\jakarta\xml\bind\jakarta.xml.bind-api\2.3.3\jakarta.xml.bind-api-2.3.3.jar;C:\Users\zhanglihong2333\.m2\repository\jakarta\activation\jakarta.activation-api\1.2.2\jakarta.activation-api-1.2.2.jar;C:\Users\zhanglihong2333\.m2\repository\org\assertj\assertj-core\3.21.0\assertj-core-3.21.0.jar;C:\Users\zhanglihong2333\.m2\repository\org\hamcrest\hamcrest\2.2\hamcrest-2.2.jar;C:\Users\zhanglihong2333\.m2\repository\org\mockito\mockito-core\4.0.0\mockito-core-4.0.0.jar;C:\Users\zhanglihong2333\.m2\repository\net\bytebuddy\byte-buddy\1.11.22\byte-buddy-1.11.22.jar;C:\Users\zhanglihong2333\.m2\repository\net\bytebuddy\byte-buddy-agent\1.11.22\byte-buddy-agent-1.11.22.jar;C:\Users\zhanglihong2333\.m2\repository\org\objenesis\objenesis\3.2\objenesis-3.2.jar;C:\Users\zhanglihong2333\.m2\repository\org\mockito\mockito-junit-jupiter\4.0.0\mockito-junit-jupiter-4.0.0.jar;C:\Users\zhanglihong2333\.m2\repository\org\skyscreamer\jsonassert\1.5.0\jsonassert-1.5.0.jar;C:\Users\zhanglihong2333\.m2\repository\com\vaadin\external\google\android-json\0.0.20131108.vaadin1\android-json-0.0.20131108.vaadin1.jar;C:\Users\zhanglihong2333\.m2\repository\org\springframework\spring-test\5.3.13\spring-test-5.3.13.jar;C:\Users\zhanglihong2333\.m2\repository\org\xmlunit\xmlunit-core\2.8.3\xmlunit-core-2.8.3.jar;C:\Users\zhanglihong2333\.m2\repository\org\junit\jupiter\junit-jupiter\5.6.3\junit-jupiter-5.6.3.jar;C:\Users\zhanglihong2333\.m2\repository\org\junit\jupiter\junit-jupiter-api\5.8.1\junit-jupiter-api-5.8.1.jar;C:\Users\zhanglihong2333\.m2\repository\org\opentest4j\opentest4j\1.2.0\opentest4j-1.2.0.jar;C:\Users\zhanglihong2333\.m2\repository\org\junit\platform\junit-platform-commons\1.8.1\junit-platform-commons-1.8.1.jar;C:\Users\zhanglihong2333\.m2\repository\org\apiguardian\apiguardian-api\1.1.2\apiguardian-api-1.1.2.jar;C:\Users\zhanglihong2333\.m2\repository\org\junit\jupiter\junit-jupiter-params\5.8.1\junit-jupiter-params-5.8.1.jar;C:\Users\zhanglihong2333\.m2\repository\org\junit\jupiter\junit-jupiter-engine\5.8.1\junit-jupiter-engine-5.8.1.jar;C:\Users\zhanglihong2333\.m2\repository\org\junit\platform\junit-platform-engine\1.8.1\junit-platform-engine-1.8.1.jar;"/>
    <property name="sun.cpu.endian" value="little"/>
    <property name="user.home" value="C:\Users\zhanglihong2333"/>
    <property name="user.language" value="zh"/>
    <property name="java.specification.vendor" value="Oracle Corporation"/>
    <property name="java.home" value="C:\Program Files\Java\jdk1.8.0_45\jre"/>
    <property name="basedir" value="C:\Users\zhanglihong2333\IdeaProjects\data-structure"/>
    <property name="file.separator" value="\"/>
    <property name="line.separator" value="&#10;"/>
    <property name="java.vm.specification.vendor" value="Oracle Corporation"/>
    <property name="java.specification.name" value="Java Platform API Specification"/>
    <property name="FILE_LOG_CHARSET" value="GBK"/>
    <property name="java.awt.graphicsenv" value="sun.awt.Win32GraphicsEnvironment"/>
    <property name="java.awt.headless" value="true"/>
    <property name="surefire.real.class.path" value="C:\Users\zhanglihong2333\AppData\Local\Temp\surefire6557555672513909860\surefirebooter8018725474951665553.jar;C:\\Users\\zhanglihong2333\\.m2\\repository\\org\\jacoco\\org.jacoco.agent\\0.8.8\\org.jacoco.agent-0.8.8-runtime.jar"/>
    <property name="sun.boot.class.path" value="C:\Program Files\Java\jdk1.8.0_45\jre\lib\resources.jar;C:\Program Files\Java\jdk1.8.0_45\jre\lib\rt.jar;C:\Program Files\Java\jdk1.8.0_45\jre\lib\sunrsasign.jar;C:\Program Files\Java\jdk1.8.0_45\jre\lib\jsse.jar;C:\Program Files\Java\jdk1.8.0_45\jre\lib\jce.jar;C:\Program Files\Java\jdk1.8.0_45\jre\lib\charsets.jar;C:\Program Files\Java\jdk1.8.0_45\jre\lib\jfr.jar;C:\Program Files\Java\jdk1.8.0_45\jre\classes"/>
    <property name="user.script" value=""/>
    <property name="sun.management.compiler" value="HotSpot 64-Bit Tiered Compilers"/>
    <property name="java.runtime.version" value="1.8.0_45-b14"/>
    <property name="user.name" value="zhanglihong2333"/>
    <property name="path.separator" value=";"/>
    <property name="os.version" value="6.3"/>
    <property name="java.endorsed.dirs" value="C:\Program Files\Java\jdk1.8.0_45\jre\lib\endorsed"/>
    <property name="java.runtime.name" value="Java(TM) SE Runtime Environment"/>
    <property name="file.encoding" value="GBK"/>
    <property name="spring.beaninfo.ignore" value="true"/>
    <property name="java.vm.name" value="Java HotSpot(TM) 64-Bit Server VM"/>
    <property name="localRepository" value="C:\Users\zhanglihong2333\.m2\repository"/>
    <property name="java.vendor.url.bug" value="http://bugreport.sun.com/bugreport/"/>
    <property name="java.io.tmpdir" value="C:\Users\ZHANGL~1\AppData\Local\Temp\"/>
    <property name="java.version" value="1.8.0_45"/>
    <property name="user.dir" value="C:\Users\zhanglihong2333\IdeaProjects\data-structure"/>
    <property name="os.arch" value="amd64"/>
    <property name="java.vm.specification.name" value="Java Virtual Machine Specification"/>
    <property name="PID" value="37136"/>
    <property name="java.awt.printerjob" value="sun.awt.windows.WPrinterJob"/>
    <property name="sun.os.patch.level" value=""/>
    <property name="CONSOLE_LOG_CHARSET" value="GBK"/>
    <property name="java.library.path" value="C:\Program Files\Java\jdk1.8.0_45\jre\bin;C:\Windows\Sun\Java\bin;C:\Windows\system32;C:\Windows;.;C:\Program Files\Java\jdk1.8.0_45\bin;C:\Program Files\Java\jdk1.8.0_45\jre\bin;C:\Users\zhanglihong2333\AppData\Local\Microsoft\WindowsApps;C:\Program Files\Java\jdk1.8.0_45;C:\Users\zhanglihong2333\Documents\Tencent Files\1564358705\FileRecv;C:\Program Files\MariaDB 10.3;C:\Program Files\MariaDB 10.3\bin;&quot;;D:\Download\apache-tomcat-8.5.45\lib;D:\Download\apache-tomcat-8.5.45\bin;&quot;;D:\Download\IntelliJ IDEA Community Edition 2021.1.3\bin;C:\Users\zhanglihong2333\AppData\Roaming\npm;C:\Program Files\Git\cmd;C:\Program Files\Docker\Docker\resources\bin;C:\apache-maven-3.8.6\bin;C:\Users\zhanglihong2333\AppData\Local\Microsoft\WindowsApps;C:\Program Files\Java\jdk1.8.0_45;C:\Users\zhanglihong2333\Documents\Tencent Files\1564358705\FileRecv;C:\Program Files\MariaDB 10.3;C:\Program Files\MariaDB 10.3\bin;&quot;;D:\Download\apache-tomcat-8.5.45\lib;D:\Download\apache-tomcat-8.5.45\bin;&quot;;D:\Download\IntelliJ IDEA Community Edition 2021.1.3\bin;;C:\Users\zhanglihong2333\AppData\Roaming\npm;&quot;.;C:\Program Files\Java\jdk1.8.0_45\bin;C:\Program Files\Java\jdk1.8.0_45\jre\bin&quot;;;."/>
    <property name="java.vm.info" value="mixed mode"/>
    <property name="java.vendor" value="Oracle Corporation"/>
    <property name="java.vm.version" value="25.45-b02"/>
    <property name="java.ext.dirs" value="C:\Program Files\Java\jdk1.8.0_45\jre\lib\ext;C:\Windows\Sun\Java\lib\ext"/>
    <property name="sun.io.unicode.encoding" value="UnicodeLittle"/>
    <property name="java.class.version" value="52.0"/>
  </properties>
  <testcase name="prePrint" classname="com.lonton.binarytree.TreeApplicationTest" time="0.874">
    <system-out><![CDATA[11:27:08.881 [main] DEBUG org.springframework.test.context.BootstrapUtils - Instantiating CacheAwareContextLoaderDelegate from class [org.springframework.test.context.cache.DefaultCacheAwareContextLoaderDelegate]
11:27:08.907 [main] DEBUG org.springframework.test.context.BootstrapUtils - Instantiating BootstrapContext using constructor [public org.springframework.test.context.support.DefaultBootstrapContext(java.lang.Class,org.springframework.test.context.CacheAwareContextLoaderDelegate)]
11:27:09.010 [main] DEBUG org.springframework.test.context.BootstrapUtils - Instantiating TestContextBootstrapper for test class [com.lonton.binarytree.TreeApplicationTest] from class [org.springframework.boot.test.context.SpringBootTestContextBootstrapper]
11:27:09.049 [main] INFO org.springframework.boot.test.context.SpringBootTestContextBootstrapper - Neither @ContextConfiguration nor @ContextHierarchy found for test class [com.lonton.binarytree.TreeApplicationTest], using SpringBootContextLoader
11:27:09.058 [main] DEBUG org.springframework.test.context.support.AbstractContextLoader - Did not detect default resource location for test class [com.lonton.binarytree.TreeApplicationTest]: class path resource [com/lonton/binarytree/TreeApplicationTest-context.xml] does not exist
11:27:09.059 [main] DEBUG org.springframework.test.context.support.AbstractContextLoader - Did not detect default resource location for test class [com.lonton.binarytree.TreeApplicationTest]: class path resource [com/lonton/binarytree/TreeApplicationTestContext.groovy] does not exist
11:27:09.059 [main] INFO org.springframework.test.context.support.AbstractContextLoader - Could not detect default resource locations for test class [com.lonton.binarytree.TreeApplicationTest]: no resource found for suffixes {-context.xml, Context.groovy}.
11:27:09.197 [main] DEBUG org.springframework.test.context.support.ActiveProfilesUtils - Could not find an 'annotation declaring class' for annotation type [org.springframework.test.context.ActiveProfiles] and class [com.lonton.binarytree.TreeApplicationTest]
11:27:09.588 [main] DEBUG org.springframework.boot.test.context.SpringBootTestContextBootstrapper - @TestExecutionListeners is not present for class [com.lonton.binarytree.TreeApplicationTest]: using defaults.
11:27:09.589 [main] INFO org.springframework.boot.test.context.SpringBootTestContextBootstrapper - Loaded default TestExecutionListener class names from location [META-INF/spring.factories]: [org.springframework.boot.test.mock.mockito.MockitoTestExecutionListener, org.springframework.boot.test.mock.mockito.ResetMocksTestExecutionListener, org.springframework.boot.test.autoconfigure.restdocs.RestDocsTestExecutionListener, org.springframework.boot.test.autoconfigure.web.client.MockRestServiceServerResetTestExecutionListener, org.springframework.boot.test.autoconfigure.web.servlet.MockMvcPrintOnlyOnFailureTestExecutionListener, org.springframework.boot.test.autoconfigure.web.servlet.WebDriverTestExecutionListener, org.springframework.boot.test.autoconfigure.webservices.client.MockWebServiceServerTestExecutionListener, org.springframework.test.context.web.ServletTestExecutionListener, org.springframework.test.context.support.DirtiesContextBeforeModesTestExecutionListener, org.springframework.test.context.event.ApplicationEventsTestExecutionListener, org.springframework.test.context.support.DependencyInjectionTestExecutionListener, org.springframework.test.context.support.DirtiesContextTestExecutionListener, org.springframework.test.context.transaction.TransactionalTestExecutionListener, org.springframework.test.context.jdbc.SqlScriptsTestExecutionListener, org.springframework.test.context.event.EventPublishingTestExecutionListener]
11:27:09.639 [main] INFO org.springframework.boot.test.context.SpringBootTestContextBootstrapper - Using TestExecutionListeners: [org.springframework.test.context.web.ServletTestExecutionListener@1aac0a47, org.springframework.test.context.support.DirtiesContextBeforeModesTestExecutionListener@4b3ad7ca, org.springframework.test.context.event.ApplicationEventsTestExecutionListener@6785c9fa, org.springframework.boot.test.mock.mockito.MockitoTestExecutionListener@63cf578f, org.springframework.boot.test.autoconfigure.SpringBootDependencyInjectionTestExecutionListener@194b9783, org.springframework.test.context.support.DirtiesContextTestExecutionListener@45297e7, org.springframework.test.context.transaction.TransactionalTestExecutionListener@4dd1548e, org.springframework.test.context.jdbc.SqlScriptsTestExecutionListener@54bb1194, org.springframework.test.context.event.EventPublishingTestExecutionListener@1109730f, org.springframework.boot.test.mock.mockito.ResetMocksTestExecutionListener@1f42366, org.springframework.boot.test.autoconfigure.restdocs.RestDocsTestExecutionListener@46c662f2, org.springframework.boot.test.autoconfigure.web.client.MockRestServiceServerResetTestExecutionListener@4afdfc0f, org.springframework.boot.test.autoconfigure.web.servlet.MockMvcPrintOnlyOnFailureTestExecutionListener@10b67f54, org.springframework.boot.test.autoconfigure.web.servlet.WebDriverTestExecutionListener@30798137, org.springframework.boot.test.autoconfigure.webservices.client.MockWebServiceServerTestExecutionListener@455da438]
11:27:09.648 [main] DEBUG org.springframework.test.context.support.AbstractDirtiesContextTestExecutionListener - Before test class: context [DefaultTestContext@7f012923 testClass = TreeApplicationTest, testInstance = [null], testMethod = [null], testException = [null], mergedContextConfiguration = [WebMergedContextConfiguration@601f264d testClass = TreeApplicationTest, locations = '{}', classes = '{class com.lonton.binarytree.TreeApplication}', contextInitializerClasses = '[]', activeProfiles = '{}', propertySourceLocations = '{}', propertySourceProperties = '{org.springframework.boot.test.context.SpringBootTestContextBootstrapper=true}', contextCustomizers = set[[ImportsContextCustomizer@4403bff8 key = [@org.springframework.test.context.BootstrapWith(value=class org.springframework.boot.test.context.SpringBootTestContextBootstrapper), @org.springframework.boot.test.context.SpringBootTest(args=[], webEnvironment=MOCK, value=[], properties=[], classes=[class com.lonton.binarytree.TreeApplication]), @org.springframework.context.annotation.Import(value=[class org.mybatis.spring.annotation.MapperScannerRegistrar]), @org.mybatis.spring.annotation.MapperScan(sqlSessionFactoryRef=, sqlSessionTemplateRef=, lazyInitialization=, annotationClass=interface java.lang.annotation.Annotation, basePackageClasses=[], nameGenerator=interface org.springframework.beans.factory.support.BeanNameGenerator, markerInterface=class java.lang.Class, basePackages=[], value=[com.lonton.binarytree.mapper.TreeNodeMapper], factoryBean=class org.mybatis.spring.mapper.MapperFactoryBean)]], org.springframework.boot.test.context.filter.ExcludeFilterContextCustomizer@36068727, org.springframework.boot.test.json.DuplicateJsonObjectContextCustomizerFactory$DuplicateJsonObjectContextCustomizer@29896529, org.springframework.boot.test.mock.mockito.MockitoContextCustomizer@0, org.springframework.boot.test.web.client.TestRestTemplateContextCustomizer@47b269c4, org.springframework.boot.test.autoconfigure.actuate.metrics.MetricsExportContextCustomizerFactory$DisableMetricExportContextCustomizer@1e1232cf, org.springframework.boot.test.autoconfigure.properties.PropertyMappingContextCustomizer@0, org.springframework.boot.test.autoconfigure.web.servlet.WebDriverContextCustomizerFactory$Customizer@800d065, org.springframework.boot.test.context.SpringBootTestArgs@1, org.springframework.boot.test.context.SpringBootTestWebEnvironment@65a4798f], resourceBasePath = 'src/main/webapp', contextLoader = 'org.springframework.boot.test.context.SpringBootContextLoader', parent = [null]], attributes = map['org.springframework.test.context.web.ServletTestExecutionListener.activateListener' -> true]], class annotated with @DirtiesContext [false] with mode [null].
11:27:09.770 [main] DEBUG org.springframework.boot.ApplicationServletEnvironment - Activating profiles []
11:27:09.772 [main] DEBUG org.springframework.test.context.support.TestPropertySourceUtils - Adding inlined properties to environment: {spring.jmx.enabled=false, org.springframework.boot.test.context.SpringBootTestContextBootstrapper=true}

  .   ____          _            __ _ _
 /\\ / ___'_ __ _ _(_)_ __  __ _ \ \ \ \
( ( )\___ | '_ | '_| | '_ \/ _` | \ \ \ \
 \\/  ___)| |_)| | | | | || (_| |  ) ) ) )
  '  |____| .__|_| |_|_| |_\__, | / / / /
 =========|_|==============|___/=/_/_/_/
 :: Spring Boot ::                (v2.6.1)

2023-04-13 11:27:10.482  INFO 37136 --- [           main] c.lonton.binarytree.TreeApplicationTest  : Starting TreeApplicationTest using Java 1.8.0_45 on LAPTOP-EQ4FJRRO with PID 37136 (started by zhanglihong2333 in C:\Users\zhanglihong2333\IdeaProjects\data-structure)
2023-04-13 11:27:10.484  INFO 37136 --- [           main] c.lonton.binarytree.TreeApplicationTest  : The following profiles are active: dev
2023-04-13 11:27:11.437  WARN 37136 --- [           main] o.m.s.mapper.ClassPathMapperScanner      : No MyBatis mapper was found in '[com.lonton.binarytree.mapper.TreeNodeMapper]' package. Please check your configuration.
2023-04-13 11:27:11.686  INFO 37136 --- [           main] c.lonton.binarytree.utils.MybatisConfig  : 加载配置类：MybatisConfiguration
2023-04-13 11:27:11.739  INFO 37136 --- [           main] c.a.d.s.b.a.DruidDataSourceAutoConfigure : Init DruidDataSource
2023-04-13 11:27:12.038  INFO 37136 --- [           main] com.alibaba.druid.pool.DruidDataSource   : {dataSource-1} inited
2023-04-13 11:27:13.268  INFO 37136 --- [           main] c.lonton.binarytree.TreeApplicationTest  : Started TreeApplicationTest in 3.494 seconds (JVM running for 5.787)
2023-04-13 11:27:14.145  INFO 37136 --- [           main] c.lonton.binarytree.TreeApplicationTest  : 前序遍历打印二叉树:[水果, 柑橘类, 橙子, 沃柑, 瓜果类, 西瓜, 哈密瓜]
]]></system-out>
  </testcase>
  <testcase name="preOrderTraversalSearch" classname="com.lonton.binarytree.TreeApplicationTest" time="0.01">
    <system-out><![CDATA[2023-04-13 11:27:14.187  INFO 37136 --- [           main] c.lonton.binarytree.TreeApplicationTest  : 前序遍历查找节点:水果
]]></system-out>
  </testcase>
  <testcase name="midFilter" classname="com.lonton.binarytree.TreeApplicationTest" time="0.012">
    <system-out><![CDATA[2023-04-13 11:27:14.200  INFO 37136 --- [           main] c.lonton.binarytree.TreeApplicationTest  : 中序过滤二叉树:[橙子]
]]></system-out>
  </testcase>
  <testcase name="mid" classname="com.lonton.binarytree.TreeApplicationTest" time="0.008">
    <system-out><![CDATA[2023-04-13 11:27:14.210  INFO 37136 --- [           main] c.lonton.binarytree.TreeApplicationTest  : 中序遍历打印二叉树:[橙子, 柑橘类, 沃柑, 水果, 西瓜, 瓜果类, 哈密瓜]
]]></system-out>
  </testcase>
  <testcase name="pre" classname="com.lonton.binarytree.TreeApplicationTest" time="0.009">
    <system-out><![CDATA[2023-04-13 11:27:14.220  INFO 37136 --- [           main] c.lonton.binarytree.TreeApplicationTest  : 前序遍历打印二叉树:[水果, 柑橘类, 橙子, 沃柑, 瓜果类, 西瓜, 哈密瓜]
]]></system-out>
  </testcase>
  <testcase name="post" classname="com.lonton.binarytree.TreeApplicationTest" time="0.011">
    <system-out><![CDATA[2023-04-13 11:27:14.233  INFO 37136 --- [           main] c.lonton.binarytree.TreeApplicationTest  : 后序遍历打印二叉树:[橙子, 沃柑, 柑橘类, 西瓜, 哈密瓜, 瓜果类, 水果]
]]></system-out>
  </testcase>
  <testcase name="testFilterByStream" classname="com.lonton.binarytree.TreeApplicationTest" time="0.011">
    <system-out><![CDATA[2023-04-13 11:27:14.245  INFO 37136 --- [           main] c.lonton.binarytree.TreeApplicationTest  : 为左节点的节点：沃柑
2023-04-13 11:27:14.245  INFO 37136 --- [           main] c.lonton.binarytree.TreeApplicationTest  : 为左节点的节点：瓜果类
]]></system-out>
  </testcase>
  <testcase name="postOrderTraversalSearch" classname="com.lonton.binarytree.TreeApplicationTest" time="0.007">
    <system-out><![CDATA[2023-04-13 11:27:14.256  INFO 37136 --- [           main] c.lonton.binarytree.TreeApplicationTest  : 后序遍历查找节点:瓜果类
]]></system-out>
  </testcase>
  <testcase name="midOrderTraversalSearch" classname="com.lonton.binarytree.TreeApplicationTest" time="0.009">
    <system-out><![CDATA[2023-04-13 11:27:14.264  INFO 37136 --- [           main] c.lonton.binarytree.TreeApplicationTest  : 中序遍历查找节点:瓜果类
]]></system-out>
  </testcase>
  <testcase name="countHeight" classname="com.lonton.binarytree.TreeApplicationTest" time="0.01"/>
  <testcase name="nodeNum" classname="com.lonton.binarytree.TreeApplicationTest" time="0.008"/>
</testsuite>